<?xml version="1.0" encoding="UTF-8"?>
<!-- Generated by org.testng.reporters.JUnitReportReporter -->
<testsuite hostname="subbu" name="MyProjects.JumpStart.HomePage" tests="11" failures="0" timestamp="21 Dec 2014 08:28:51 GMT" time="60.731" errors="0">
  <testcase name="ClickOnSignUpButton" time="1.866" classname="MyProjects.JumpStart.HomePage"/>
  <testcase name="PerformSignUpJourneyAgeSelection" time="11.558" classname="MyProjects.JumpStart.HomePage"/>
  <testcase name="ClickOnSchoolOfDragonBrand" time="4.909" classname="MyProjects.JumpStart.HomePage"/>
  <testcase name="VerifySchoolOfDragonBrandSelector" time="0.107" classname="MyProjects.JumpStart.HomePage"/>
  <testcase name="VerifySignUpPage" time="1.649" classname="MyProjects.JumpStart.HomePage"/>
  <testcase name="ClickOnLoginButton" time="13.098" classname="MyProjects.JumpStart.HomePage"/>
  <testcase name="ValidateSignUpPageFields2" time="2.758" classname="MyProjects.JumpStart.HomePage"/>
  <testcase name="CreateNewUserID" time="9.818" classname="MyProjects.JumpStart.HomePage"/>
  <testcase name="PerformSignUpJourneyAfterAgeSelection" time="2.398" classname="MyProjects.JumpStart.HomePage"/>
  <testcase name="OpenHomePage" time="8.774" classname="MyProjects.JumpStart.HomePage"/>
  <testcase name="ValidateSignUpPageFields" time="3.796" classname="MyProjects.JumpStart.HomePage"/>
</testsuite> <!-- MyProjects.JumpStart.HomePage -->
