<?xml version="1.0" encoding="UTF-8"?>
<!-- Generated by org.testng.reporters.JUnitReportReporter -->
<testsuite hostname="subbu" name="HomePageChecker.HomePage" tests="2" failures="0" timestamp="17 Jan 2015 14:47:33 GMT" time="143.144" errors="0">
  <testcase name="VerifySchoolOfDragonBrandSelector" time="0.095" classname="HomePageChecker.HomePage"/>
  <testcase name="OpenHomePage" time="143.049" classname="HomePageChecker.HomePage"/>
</testsuite> <!-- HomePageChecker.HomePage -->
