<?xml version="1.0" encoding="UTF-8"?>
<!-- Generated by org.testng.reporters.JUnitReportReporter -->
<testsuite hostname="subbu" name="HomePageChecker.SchoolOfDragonsLoginPage" tests="1" failures="0" timestamp="17 Jan 2015 14:47:33 GMT" time="138.495" errors="0">
  <testcase name="ClickOnLoginButton" time="138.495" classname="HomePageChecker.SchoolOfDragonsLoginPage"/>
</testsuite> <!-- HomePageChecker.SchoolOfDragonsLoginPage -->
