<?xml version="1.0" encoding="UTF-8"?>
<!-- Generated by org.testng.reporters.JUnitReportReporter -->
<testsuite hostname="subbu" name="HomePageChecker.SchoolOfDragonsPage" tests="1" failures="0" timestamp="17 Jan 2015 14:47:33 GMT" time="236.949" errors="0">
  <testcase name="ClickOnSchoolOfDragonBrand" time="236.949" classname="HomePageChecker.SchoolOfDragonsPage"/>
</testsuite> <!-- HomePageChecker.SchoolOfDragonsPage -->
