<?xml version="1.0" encoding="UTF-8"?>
<!-- Generated by org.testng.reporters.JUnitReportReporter -->
<testsuite hostname="subbu" name="HomePageChecker.SchoolOfDragonsSignUpPage" tests="11" failures="0" timestamp="17 Jan 2015 14:47:33 GMT" time="163.294" errors="0">
  <testcase name="PerformSignUpJourneyAgeSelection" time="14.089" classname="HomePageChecker.SchoolOfDragonsSignUpPage"/>
  <testcase name="VerifySignedInAfterSignedOut" time="14.923" classname="HomePageChecker.SchoolOfDragonsSignUpPage"/>
  <testcase name="ClickOnSignUpButton" time="12.398" classname="HomePageChecker.SchoolOfDragonsSignUpPage"/>
  <testcase name="VerifySignUpPage" time="3.212" classname="HomePageChecker.SchoolOfDragonsSignUpPage"/>
  <testcase name="VerifySignedInAfterCreation" time="12.981" classname="HomePageChecker.SchoolOfDragonsSignUpPage"/>
  <testcase name="ValidateSignUpPageFields2" time="7.027" classname="HomePageChecker.SchoolOfDragonsSignUpPage"/>
  <testcase name="CreateNewUserID" time="63.891" classname="HomePageChecker.SchoolOfDragonsSignUpPage"/>
  <testcase name="PerformSignUpJourneyAfterAgeSelection" time="17.622" classname="HomePageChecker.SchoolOfDragonsSignUpPage"/>
  <testcase name="VerifyUnityPlayerDisplayedAfterOK" time="5.609" classname="HomePageChecker.SchoolOfDragonsSignUpPage"/>
  <testcase name="ValidateSignUpPageFields" time="7.934" classname="HomePageChecker.SchoolOfDragonsSignUpPage"/>
  <testcase name="VerifySignedOut" time="3.608" classname="HomePageChecker.SchoolOfDragonsSignUpPage"/>
</testsuite> <!-- HomePageChecker.SchoolOfDragonsSignUpPage -->
